<?xml version="1.0" encoding="UTF-8"?>
<!-- Generated by org.testng.reporters.JUnitReportReporter -->
<testsuite hostname="MINDQ-PC" name="ioStreams.CreateExcel" tests="1" failures="0" timestamp="8 Jan 2014 05:26:03 GMT" time="0.156" errors="0">
  <testcase name="f" time="0.156" classname="ioStreams.CreateExcel"/>
</testsuite> <!-- ioStreams.CreateExcel -->
