<?xml version="1.0" encoding="UTF-8"?>
<!-- Generated by org.testng.reporters.JUnitReportReporter -->
<testsuite hostname="MINDQ-PC" name="ioStreams.Login_TD" tests="1" failures="0" timestamp="7 Jan 2014 06:15:06 GMT" time="7.252" errors="0">
  <testcase name="f" time="7.252" classname="ioStreams.Login_TD"/>
</testsuite> <!-- ioStreams.Login_TD -->
