<?xml version="1.0" encoding="UTF-8"?>
<!-- Generated by org.testng.reporters.JUnitReportReporter -->
<testsuite hostname="admin" name="GridTestNG.GmailLogin_Logout" tests="1" failures="0" timestamp="29 Aug 2014 03:13:54 GMT" time="22.176" errors="0">
  <testcase name="f" time="22.176" classname="GridTestNG.GmailLogin_Logout"/>
</testsuite> <!-- GridTestNG.GmailLogin_Logout -->
