<?xml version="1.0" encoding="UTF-8"?>
<!-- Generated by org.testng.reporters.JUnitReportReporter -->
<testsuite hostname="MINDQ-PC" name="sikuli.Mail_Upload" tests="2" failures="0" timestamp="7 Jan 2014 05:20:54 GMT" time="17.408" errors="0">
  <testcase name="f" time="10.172" classname="sikuli.Mail_Upload"/>
  <testcase name="verifyUpload" time="7.236" classname="sikuli.Mail_Upload"/>
</testsuite> <!-- sikuli.Mail_Upload -->
