<?xml version="1.0" encoding="UTF-8"?>
<!-- Generated by org.testng.reporters.JUnitReportReporter -->
<testsuite hostname="MINDQ-PC" name="testNG.SpicejetPopup" tests="10" failures="0" timestamp="9 Jan 2014 07:24:19 GMT" time="40.290" errors="0">
  <testcase name="test5" time="5.275" classname="testNG.SpicejetPopup"/>
  <testcase name="test1" time="8.295" classname="testNG.SpicejetPopup"/>
  <testcase name="test3" time="5.991" classname="testNG.SpicejetPopup"/>
  <testcase name="test2" time="2.858" classname="testNG.SpicejetPopup"/>
  <testcase name="test4" time="0.063" classname="testNG.SpicejetPopup"/>
  <testcase name="test1" time="5.321" classname="testNG.SpicejetPopup"/>
  <testcase name="test2" time="2.470" classname="testNG.SpicejetPopup"/>
  <testcase name="test4" time="0.061" classname="testNG.SpicejetPopup"/>
  <testcase name="test5" time="4.725" classname="testNG.SpicejetPopup"/>
  <testcase name="test3" time="5.231" classname="testNG.SpicejetPopup"/>
</testsuite> <!-- testNG.SpicejetPopup -->
