<?xml version="1.0" encoding="UTF-8"?>
<!-- Generated by org.testng.reporters.JUnitReportReporter -->
<testsuite hostname="MINDQ-PC" name="dataDrivenFramework.DriverScript" tests="1" failures="0" timestamp="9 Jan 2014 07:13:39 GMT" time="20.687" errors="0">
  <testcase name="reUsableScript" time="20.687" classname="dataDrivenFramework.DriverScript"/>
</testsuite> <!-- dataDrivenFramework.DriverScript -->
