<?xml version="1.0" encoding="UTF-8"?>
<!-- Generated by org.testng.reporters.JUnitReportReporter -->
<testsuite hostname="admin" name="GridTestNG.Register_MailIN" tests="1" failures="0" timestamp="29 Aug 2014 02:19:09 GMT" time="17.076" errors="0">
  <testcase name="f" time="17.076" classname="GridTestNG.Register_MailIN"/>
</testsuite> <!-- GridTestNG.Register_MailIN -->
