<?xml version="1.0" encoding="UTF-8"?>
<!-- Generated by org.testng.reporters.JUnitReportReporter -->
<testsuite hostname="MINDQ-PC" name="testNG.SpicejetPopup_Dynamic" tests="5" failures="0" timestamp="10 Jan 2014 04:36:49 GMT" time="16.926" errors="0">
  <testcase name="test3" time="4.719" classname="testNG.SpicejetPopup_Dynamic"/>
  <testcase name="test2" time="2.920" classname="testNG.SpicejetPopup_Dynamic"/>
  <testcase name="test1" time="4.723" classname="testNG.SpicejetPopup_Dynamic"/>
  <testcase name="test4" time="0.043" classname="testNG.SpicejetPopup_Dynamic"/>
  <testcase name="test5" time="4.521" classname="testNG.SpicejetPopup_Dynamic"/>
</testsuite> <!-- testNG.SpicejetPopup_Dynamic -->
