<?xml version="1.0" encoding="UTF-8"?>
<!-- Generated by org.testng.reporters.JUnitReportReporter -->
<testsuite hostname="MINDQ-PC" name="testNG.ReverseString" tests="1" failures="0" timestamp="4 Jan 2014 06:09:56 GMT" time="0.010" errors="0">
  <testcase name="string" time="0.010" classname="testNG.ReverseString"/>
</testsuite> <!-- testNG.ReverseString -->
