<?xml version="1.0" encoding="UTF-8"?>
<!-- Generated by org.testng.reporters.JUnitReportReporter -->
<testsuite hostname="MINDQ-PC" name="testNG.PrintAllLinks" tests="1" failures="0" timestamp="5 Jan 2014 07:07:55 GMT" time="3.791" errors="0">
  <testcase name="f" time="3.791" classname="testNG.PrintAllLinks"/>
</testsuite> <!-- testNG.PrintAllLinks -->
