<?xml version="1.0" encoding="UTF-8"?>
<!-- Generated by org.testng.reporters.JUnitReportReporter -->
<testsuite hostname="MINDQ-PC" name="ioStreams.Login_OR" tests="2" failures="0" timestamp="7 Jan 2014 07:00:24 GMT" time="6.486" errors="0">
  <testcase name="verifyLogin" time="5.267" classname="ioStreams.Login_OR"/>
  <testcase name="verifyLogout" time="1.219" classname="ioStreams.Login_OR"/>
</testsuite> <!-- ioStreams.Login_OR -->
