<?xml version="1.0" encoding="UTF-8"?>
<!-- Generated by org.testng.reporters.JUnitReportReporter -->
<testsuite hostname="MINDQ-PC" name="sikuli.Start" tests="1" failures="0" timestamp="7 Jan 2014 05:03:04 GMT" time="2.006" errors="0">
  <testcase name="f" time="2.006" classname="sikuli.Start"/>
</testsuite> <!-- sikuli.Start -->
