<?xml version="1.0" encoding="UTF-8"?>
<!-- Generated by org.testng.reporters.JUnitReportReporter -->
<testsuite hostname="MINDQ-PC" name="ioStreams.LoginResults" tests="1" failures="0" timestamp="8 Jan 2014 06:38:07 GMT" time="17.111" errors="0">
  <testcase name="f" time="17.111" classname="ioStreams.LoginResults"/>
</testsuite> <!-- ioStreams.LoginResults -->
