<?xml version="1.0" encoding="UTF-8"?>
<!-- Generated by org.testng.reporters.JUnitReportReporter -->
<testsuite hostname="MINDQ-PC" name="testNG.BookaHoliday_Inheritance" tests="1" failures="0" timestamp="10 Jan 2014 05:04:33 GMT" time="8.913" errors="0">
  <testcase name="verifyBookaHoliday" time="8.913" classname="testNG.BookaHoliday_Inheritance"/>
</testsuite> <!-- testNG.BookaHoliday_Inheritance -->
