<?xml version="1.0" encoding="UTF-8"?>
<!-- Generated by org.testng.reporters.JUnitReportReporter -->
<testsuite hostname="MINDQ-PC" name="testNG.ScreenShot" tests="1" failures="0" timestamp="5 Jan 2014 05:48:43 GMT" time="8.958" errors="0">
  <testcase name="captureScreenshot" time="8.958" classname="testNG.ScreenShot"/>
</testsuite> <!-- testNG.ScreenShot -->
