<?xml version="1.0" encoding="UTF-8"?>
<!-- Generated by org.testng.reporters.JUnitReportReporter -->
<testsuite hostname="MINDQ-PC" name="ioStreams.LoginRetesting" tests="1" failures="0" timestamp="8 Jan 2014 04:59:31 GMT" time="25.543" errors="0">
  <testcase name="verifyLoginWithMultipleCredentials" time="25.543" classname="ioStreams.LoginRetesting"/>
</testsuite> <!-- ioStreams.LoginRetesting -->
