<?xml version="1.0" encoding="UTF-8"?>
<!-- Generated by org.testng.reporters.JUnitReportReporter -->
<testsuite hostname="MINDQ-PC" name="testNG.DropdownValidation" tests="1" failures="0" timestamp="5 Jan 2014 07:37:55 GMT" time="15.876" errors="0">
  <testcase name="f" time="15.876" classname="testNG.DropdownValidation"/>
</testsuite> <!-- testNG.DropdownValidation -->
