<?xml version="1.0" encoding="UTF-8"?>
<!-- Generated by org.testng.reporters.JUnitReportReporter -->
<testsuite hostname="MINDQ-PC" name="testNG.AjaxControl" tests="1" failures="0" timestamp="9 Jan 2014 07:13:39 GMT" time="9.660" errors="0">
  <testcase name="f" time="9.660" classname="testNG.AjaxControl"/>
</testsuite> <!-- testNG.AjaxControl -->
