<?xml version="1.0" encoding="UTF-8"?>
<!-- Generated by org.testng.reporters.JUnitReportReporter -->
<testsuite hostname="MINDQ-PC" name="sikuli.MouseOver" tests="1" failures="0" timestamp="7 Jan 2014 05:32:03 GMT" time="9.246" errors="0">
  <testcase name="f" time="9.246" classname="sikuli.MouseOver"/>
</testsuite> <!-- sikuli.MouseOver -->
