<?xml version="1.0" encoding="UTF-8"?>
<!-- Generated by org.testng.reporters.JUnitReportReporter -->
<testsuite hostname="MINDQ-PC" name="ioStreams.AddInputDataToResultXls" tests="1" failures="0" timestamp="8 Jan 2014 06:01:59 GMT" time="0.234" errors="0">
  <testcase name="step2" time="0.234" classname="ioStreams.AddInputDataToResultXls"/>
</testsuite> <!-- ioStreams.AddInputDataToResultXls -->
