<?xml version="1.0" encoding="UTF-8"?>
<!-- Generated by org.testng.reporters.JUnitReportReporter -->
<testsuite hostname="MINDQ-PC" name="testNG.VAlidationCommands" tests="1" failures="0" timestamp="6 Jan 2014 05:54:42 GMT" time="6.822" errors="0">
  <testcase name="f" time="6.822" classname="testNG.VAlidationCommands"/>
</testsuite> <!-- testNG.VAlidationCommands -->
