<?xml version="1.0" encoding="UTF-8"?>
<!-- Generated by org.testng.reporters.JUnitReportReporter -->
<testsuite hostname="MINDQ-PC" name="testNG.InformationCommands" tests="1" failures="0" timestamp="5 Jan 2014 06:21:33 GMT" time="5.400" errors="0">
  <testcase name="contactUSTooltip" time="5.400" classname="testNG.InformationCommands"/>
</testsuite> <!-- testNG.InformationCommands -->
