<?xml version="1.0" encoding="UTF-8"?>
<!-- Generated by org.testng.reporters.JUnitReportReporter -->
<testsuite hostname="MINDQ-PC" name="testNG.InformationCommands_Mail" tests="1" failures="0" timestamp="6 Jan 2014 05:28:53 GMT" time="2.208" errors="0">
  <testcase name="printAlldata" time="2.208" classname="testNG.InformationCommands_Mail"/>
</testsuite> <!-- testNG.InformationCommands_Mail -->
