<?xml version="1.0" encoding="UTF-8"?>
<!-- Generated by org.testng.reporters.JUnitReportReporter -->
<testsuite hostname="admin" name="GridTestNG.MailLogin_WD" tests="1" failures="0" timestamp="29 Aug 2014 02:19:09 GMT" time="2.957" errors="0">
  <testcase name="f" time="2.957" classname="GridTestNG.MailLogin_WD"/>
</testsuite> <!-- GridTestNG.MailLogin_WD -->
